<?xml version="1.0" encoding="UTF-8"?>
<coverage generated="1700462130134" clover="3.2.0">
  <project timestamp="1700462130134" name="All files">
    <metrics statements="9" coveredstatements="9" conditionals="4" coveredconditionals="2" methods="2" coveredmethods="2" elements="15" coveredelements="13" complexity="0" loc="9" ncloc="9" packages="2" files="2" classes="2"/>
    <package name="src.js.utils">
      <metrics statements="8" coveredstatements="8" conditionals="4" coveredconditionals="2" methods="2" coveredmethods="2"/>
      <file name="search-movie.js" path="G:\Projek\Dicoding\Jest\03-Money Tracker App\DIY\src\js\utils\search-movie.js">
        <metrics statements="8" coveredstatements="8" conditionals="4" coveredconditionals="2" methods="2" coveredmethods="2"/>
        <line num="1" count="1" type="stmt"/>
        <line num="2" count="1" type="stmt"/>
        <line num="3" count="20" type="cond" truecount="1" falsecount="1"/>
        <line num="4" count="20" type="stmt"/>
        <line num="6" count="20" type="cond" truecount="1" falsecount="1"/>
        <line num="7" count="20" type="stmt"/>
        <line num="9" count="20" type="stmt"/>
        <line num="11" count="1" type="stmt"/>
      </file>
    </package>
    <package name="test.dummyData">
      <metrics statements="1" coveredstatements="1" conditionals="0" coveredconditionals="0" methods="0" coveredmethods="0"/>
      <file name="movie-data.js" path="G:\Projek\Dicoding\Jest\03-Money Tracker App\DIY\test\dummyData\movie-data.js">
        <metrics statements="1" coveredstatements="1" conditionals="0" coveredconditionals="0" methods="0" coveredmethods="0"/>
        <line num="1" count="1" type="stmt"/>
      </file>
    </package>
  </project>
</coverage>
