{"G:\\Projek\\Dicoding\\Jest\\03-Money Tracker App\\DIY\\src\\js\\utils\\search-movie.js": {"path":"G:\\Projek\\Dicoding\\Jest\\03-Money Tracker App\\DIY\\src\\js\\utils\\search-movie.js","statementMap":{"0":{"start":{"line":1,"column":28},"end":{"line":12,"column":1}},"1":{"start":{"line":2,"column":23},"end":{"line":10,"column":4}},"2":{"start":{"line":3,"column":30},"end":{"line":3,"column":64}},"3":{"start":{"line":4,"column":30},"end":{"line":4,"column":66}},"4":{"start":{"line":6,"column":25},"end":{"line":6,"column":53}},"5":{"start":{"line":7,"column":25},"end":{"line":7,"column":56}},"6":{"start":{"line":9,"column":4},"end":{"line":9,"column":58}},"7":{"start":{"line":11,"column":2},"end":{"line":11,"column":22}}},"fnMap":{"0":{"name":"(anonymous_0)","decl":{"start":{"line":1,"column":28},"end":{"line":1,"column":29}},"loc":{"start":{"line":1,"column":50},"end":{"line":12,"column":1}},"line":1},"1":{"name":"(anonymous_1)","decl":{"start":{"line":2,"column":40},"end":{"line":2,"column":41}},"loc":{"start":{"line":2,"column":51},"end":{"line":10,"column":3}},"line":2}},"branchMap":{"0":{"loc":{"start":{"line":3,"column":31},"end":{"line":3,"column":49}},"type":"binary-expr","locations":[{"start":{"line":3,"column":31},"end":{"line":3,"column":42}},{"start":{"line":3,"column":46},"end":{"line":3,"column":49}}],"line":3},"1":{"loc":{"start":{"line":6,"column":26},"end":{"line":6,"column":38}},"type":"binary-expr","locations":[{"start":{"line":6,"column":26},"end":{"line":6,"column":31}},{"start":{"line":6,"column":35},"end":{"line":6,"column":38}}],"line":6}},"s":{"0":1,"1":1,"2":20,"3":20,"4":20,"5":20,"6":20,"7":1},"f":{"0":1,"1":20},"b":{"0":[20,0],"1":[20,0]},"_coverageSchema":"1a1c01bbd47fc00a2c39e90264f33305004495a9","hash":"dccb2172dba90794f7509f828afa9896d9e328e2"}
,"G:\\Projek\\Dicoding\\Jest\\03-Money Tracker App\\DIY\\test\\dummyData\\movie-data.js": {"path":"G:\\Projek\\Dicoding\\Jest\\03-Money Tracker App\\DIY\\test\\dummyData\\movie-data.js","statementMap":{"0":{"start":{"line":1,"column":25},"end":{"line":342,"column":1}}},"fnMap":{},"branchMap":{},"s":{"0":1},"f":{},"b":{},"_coverageSchema":"1a1c01bbd47fc00a2c39e90264f33305004495a9","hash":"ac15f31bb9a14b4d9350975b64bb3744c45be6c6"}
}
